This is pdfTeX, Version 3.14159265-2.6-1.40.18 (MiKTeX 2.9.6350 64-bit) (preloaded format=pdflatex 2017.8.11)  4 SEP 2017 02:51
entering extended mode
**./EF08_Report_2.tex
(EF08_Report_2.tex
LaTeX2e <2017-04-15>
Babel <3.10> and hyphenation patterns for 75 language(s) loaded.
("C:\Program Files\MiKTeX 2.9\tex\latex\base\article.cls"
Document Class: article 2014/09/29 v1.4h Standard LaTeX document class
("C:\Program Files\MiKTeX 2.9\tex\latex\base\size12.clo"
File: size12.clo 2014/09/29 v1.4h Standard LaTeX file (size option)
)
\c@part=\count79
\c@section=\count80
\c@subsection=\count81
\c@subsubsection=\count82
\c@paragraph=\count83
\c@subparagraph=\count84
\c@figure=\count85
\c@table=\count86
\abovecaptionskip=\skip41
\belowcaptionskip=\skip42
\bibindent=\dimen102
)
("C:\Program Files\MiKTeX 2.9\tex\latex\base\inputenc.sty"
Package: inputenc 2015/03/17 v1.2c Input encoding file
\inpenc@prehook=\toks14
\inpenc@posthook=\toks15

("C:\Program Files\MiKTeX 2.9\tex\latex\base\utf8.def"
File: utf8.def 2017/01/28 v1.1t UTF-8 support for inputenc
Now handling font encoding OML ...
... no UTF-8 mapping file for font encoding OML
Now handling font encoding T1 ...
... processing UTF-8 mapping file for font encoding T1

("C:\Program Files\MiKTeX 2.9\tex\latex\base\t1enc.dfu"
File: t1enc.dfu 2017/01/28 v1.1t UTF-8 support for inputenc
   defining Unicode char U+00A0 (decimal 160)
   defining Unicode char U+00A1 (decimal 161)
   defining Unicode char U+00A3 (decimal 163)
   defining Unicode char U+00AB (decimal 171)
   defining Unicode char U+00AD (decimal 173)
   defining Unicode char U+00BB (decimal 187)
   defining Unicode char U+00BF (decimal 191)
   defining Unicode char U+00C0 (decimal 192)
   defining Unicode char U+00C1 (decimal 193)
   defining Unicode char U+00C2 (decimal 194)
   defining Unicode char U+00C3 (decimal 195)
   defining Unicode char U+00C4 (decimal 196)
   defining Unicode char U+00C5 (decimal 197)
   defining Unicode char U+00C6 (decimal 198)
   defining Unicode char U+00C7 (decimal 199)
   defining Unicode char U+00C8 (decimal 200)
   defining Unicode char U+00C9 (decimal 201)
   defining Unicode char U+00CA (decimal 202)
   defining Unicode char U+00CB (decimal 203)
   defining Unicode char U+00CC (decimal 204)
   defining Unicode char U+00CD (decimal 205)
   defining Unicode char U+00CE (decimal 206)
   defining Unicode char U+00CF (decimal 207)
   defining Unicode char U+00D0 (decimal 208)
   defining Unicode char U+00D1 (decimal 209)
   defining Unicode char U+00D2 (decimal 210)
   defining Unicode char U+00D3 (decimal 211)
   defining Unicode char U+00D4 (decimal 212)
   defining Unicode char U+00D5 (decimal 213)
   defining Unicode char U+00D6 (decimal 214)
   defining Unicode char U+00D8 (decimal 216)
   defining Unicode char U+00D9 (decimal 217)
   defining Unicode char U+00DA (decimal 218)
   defining Unicode char U+00DB (decimal 219)
   defining Unicode char U+00DC (decimal 220)
   defining Unicode char U+00DD (decimal 221)
   defining Unicode char U+00DE (decimal 222)
   defining Unicode char U+00DF (decimal 223)
   defining Unicode char U+00E0 (decimal 224)
   defining Unicode char U+00E1 (decimal 225)
   defining Unicode char U+00E2 (decimal 226)
   defining Unicode char U+00E3 (decimal 227)
   defining Unicode char U+00E4 (decimal 228)
   defining Unicode char U+00E5 (decimal 229)
   defining Unicode char U+00E6 (decimal 230)
   defining Unicode char U+00E7 (decimal 231)
   defining Unicode char U+00E8 (decimal 232)
   defining Unicode char U+00E9 (decimal 233)
   defining Unicode char U+00EA (decimal 234)
   defining Unicode char U+00EB (decimal 235)
   defining Unicode char U+00EC (decimal 236)
   defining Unicode char U+00ED (decimal 237)
   defining Unicode char U+00EE (decimal 238)
   defining Unicode char U+00EF (decimal 239)
   defining Unicode char U+00F0 (decimal 240)
   defining Unicode char U+00F1 (decimal 241)
   defining Unicode char U+00F2 (decimal 242)
   defining Unicode char U+00F3 (decimal 243)
   defining Unicode char U+00F4 (decimal 244)
   defining Unicode char U+00F5 (decimal 245)
   defining Unicode char U+00F6 (decimal 246)
   defining Unicode char U+00F8 (decimal 248)
   defining Unicode char U+00F9 (decimal 249)
   defining Unicode char U+00FA (decimal 250)
   defining Unicode char U+00FB (decimal 251)
   defining Unicode char U+00FC (decimal 252)
   defining Unicode char U+00FD (decimal 253)
   defining Unicode char U+00FE (decimal 254)
   defining Unicode char U+00FF (decimal 255)
   defining Unicode char U+0100 (decimal 256)
   defining Unicode char U+0101 (decimal 257)
   defining Unicode char U+0102 (decimal 258)
   defining Unicode char U+0103 (decimal 259)
   defining Unicode char U+0104 (decimal 260)
   defining Unicode char U+0105 (decimal 261)
   defining Unicode char U+0106 (decimal 262)
   defining Unicode char U+0107 (decimal 263)
   defining Unicode char U+0108 (decimal 264)
   defining Unicode char U+0109 (decimal 265)
   defining Unicode char U+010A (decimal 266)
   defining Unicode char U+010B (decimal 267)
   defining Unicode char U+010C (decimal 268)
   defining Unicode char U+010D (decimal 269)
   defining Unicode char U+010E (decimal 270)
   defining Unicode char U+010F (decimal 271)
   defining Unicode char U+0110 (decimal 272)
   defining Unicode char U+0111 (decimal 273)
   defining Unicode char U+0112 (decimal 274)
   defining Unicode char U+0113 (decimal 275)
   defining Unicode char U+0114 (decimal 276)
   defining Unicode char U+0115 (decimal 277)
   defining Unicode char U+0116 (decimal 278)
   defining Unicode char U+0117 (decimal 279)
   defining Unicode char U+0118 (decimal 280)
   defining Unicode char U+0119 (decimal 281)
   defining Unicode char U+011A (decimal 282)
   defining Unicode char U+011B (decimal 283)
   defining Unicode char U+011C (decimal 284)
   defining Unicode char U+011D (decimal 285)
   defining Unicode char U+011E (decimal 286)
   defining Unicode char U+011F (decimal 287)
   defining Unicode char U+0120 (decimal 288)
   defining Unicode char U+0121 (decimal 289)
   defining Unicode char U+0122 (decimal 290)
   defining Unicode char U+0123 (decimal 291)
   defining Unicode char U+0124 (decimal 292)
   defining Unicode char U+0125 (decimal 293)
   defining Unicode char U+0128 (decimal 296)
   defining Unicode char U+0129 (decimal 297)
   defining Unicode char U+012A (decimal 298)
   defining Unicode char U+012B (decimal 299)
   defining Unicode char U+012C (decimal 300)
   defining Unicode char U+012D (decimal 301)
   defining Unicode char U+012E (decimal 302)
   defining Unicode char U+012F (decimal 303)
   defining Unicode char U+0130 (decimal 304)
   defining Unicode char U+0131 (decimal 305)
   defining Unicode char U+0132 (decimal 306)
   defining Unicode char U+0133 (decimal 307)
   defining Unicode char U+0134 (decimal 308)
   defining Unicode char U+0135 (decimal 309)
   defining Unicode char U+0136 (decimal 310)
   defining Unicode char U+0137 (decimal 311)
   defining Unicode char U+0139 (decimal 313)
   defining Unicode char U+013A (decimal 314)
   defining Unicode char U+013B (decimal 315)
   defining Unicode char U+013C (decimal 316)
   defining Unicode char U+013D (decimal 317)
   defining Unicode char U+013E (decimal 318)
   defining Unicode char U+0141 (decimal 321)
   defining Unicode char U+0142 (decimal 322)
   defining Unicode char U+0143 (decimal 323)
   defining Unicode char U+0144 (decimal 324)
   defining Unicode char U+0145 (decimal 325)
   defining Unicode char U+0146 (decimal 326)
   defining Unicode char U+0147 (decimal 327)
   defining Unicode char U+0148 (decimal 328)
   defining Unicode char U+014A (decimal 330)
   defining Unicode char U+014B (decimal 331)
   defining Unicode char U+014C (decimal 332)
   defining Unicode char U+014D (decimal 333)
   defining Unicode char U+014E (decimal 334)
   defining Unicode char U+014F (decimal 335)
   defining Unicode char U+0150 (decimal 336)
   defining Unicode char U+0151 (decimal 337)
   defining Unicode char U+0152 (decimal 338)
   defining Unicode char U+0153 (decimal 339)
   defining Unicode char U+0154 (decimal 340)
   defining Unicode char U+0155 (decimal 341)
   defining Unicode char U+0156 (decimal 342)
   defining Unicode char U+0157 (decimal 343)
   defining Unicode char U+0158 (decimal 344)
   defining Unicode char U+0159 (decimal 345)
   defining Unicode char U+015A (decimal 346)
   defining Unicode char U+015B (decimal 347)
   defining Unicode char U+015C (decimal 348)
   defining Unicode char U+015D (decimal 349)
   defining Unicode char U+015E (decimal 350)
   defining Unicode char U+015F (decimal 351)
   defining Unicode char U+0160 (decimal 352)
   defining Unicode char U+0161 (decimal 353)
   defining Unicode char U+0162 (decimal 354)
   defining Unicode char U+0163 (decimal 355)
   defining Unicode char U+0164 (decimal 356)
   defining Unicode char U+0165 (decimal 357)
   defining Unicode char U+0168 (decimal 360)
   defining Unicode char U+0169 (decimal 361)
   defining Unicode char U+016A (decimal 362)
   defining Unicode char U+016B (decimal 363)
   defining Unicode char U+016C (decimal 364)
   defining Unicode char U+016D (decimal 365)
   defining Unicode char U+016E (decimal 366)
   defining Unicode char U+016F (decimal 367)
   defining Unicode char U+0170 (decimal 368)
   defining Unicode char U+0171 (decimal 369)
   defining Unicode char U+0172 (decimal 370)
   defining Unicode char U+0173 (decimal 371)
   defining Unicode char U+0174 (decimal 372)
   defining Unicode char U+0175 (decimal 373)
   defining Unicode char U+0176 (decimal 374)
   defining Unicode char U+0177 (decimal 375)
   defining Unicode char U+0178 (decimal 376)
   defining Unicode char U+0179 (decimal 377)
   defining Unicode char U+017A (decimal 378)
   defining Unicode char U+017B (decimal 379)
   defining Unicode char U+017C (decimal 380)
   defining Unicode char U+017D (decimal 381)
   defining Unicode char U+017E (decimal 382)
   defining Unicode char U+01CD (decimal 461)
   defining Unicode char U+01CE (decimal 462)
   defining Unicode char U+01CF (decimal 463)
   defining Unicode char U+01D0 (decimal 464)
   defining Unicode char U+01D1 (decimal 465)
   defining Unicode char U+01D2 (decimal 466)
   defining Unicode char U+01D3 (decimal 467)
   defining Unicode char U+01D4 (decimal 468)
   defining Unicode char U+01E2 (decimal 482)
   defining Unicode char U+01E3 (decimal 483)
   defining Unicode char U+01E6 (decimal 486)
   defining Unicode char U+01E7 (decimal 487)
   defining Unicode char U+01E8 (decimal 488)
   defining Unicode char U+01E9 (decimal 489)
   defining Unicode char U+01EA (decimal 490)
   defining Unicode char U+01EB (decimal 491)
   defining Unicode char U+01F0 (decimal 496)
   defining Unicode char U+01F4 (decimal 500)
   defining Unicode char U+01F5 (decimal 501)
   defining Unicode char U+0218 (decimal 536)
   defining Unicode char U+0219 (decimal 537)
   defining Unicode char U+021A (decimal 538)
   defining Unicode char U+021B (decimal 539)
   defining Unicode char U+0232 (decimal 562)
   defining Unicode char U+0233 (decimal 563)
   defining Unicode char U+1E02 (decimal 7682)
   defining Unicode char U+1E03 (decimal 7683)
   defining Unicode char U+200C (decimal 8204)
   defining Unicode char U+2010 (decimal 8208)
   defining Unicode char U+2011 (decimal 8209)
   defining Unicode char U+2012 (decimal 8210)
   defining Unicode char U+2013 (decimal 8211)
   defining Unicode char U+2014 (decimal 8212)
   defining Unicode char U+2015 (decimal 8213)
   defining Unicode char U+2018 (decimal 8216)
   defining Unicode char U+2019 (decimal 8217)
   defining Unicode char U+201A (decimal 8218)
   defining Unicode char U+201C (decimal 8220)
   defining Unicode char U+201D (decimal 8221)
   defining Unicode char U+201E (decimal 8222)
   defining Unicode char U+2030 (decimal 8240)
   defining Unicode char U+2031 (decimal 8241)
   defining Unicode char U+2039 (decimal 8249)
   defining Unicode char U+203A (decimal 8250)
   defining Unicode char U+2423 (decimal 9251)
   defining Unicode char U+1E20 (decimal 7712)
   defining Unicode char U+1E21 (decimal 7713)
)
Now handling font encoding OT1 ...
... processing UTF-8 mapping file for font encoding OT1

("C:\Program Files\MiKTeX 2.9\tex\latex\base\ot1enc.dfu"
File: ot1enc.dfu 2017/01/28 v1.1t UTF-8 support for inputenc
   defining Unicode char U+00A0 (decimal 160)
   defining Unicode char U+00A1 (decimal 161)
   defining Unicode char U+00A3 (decimal 163)
   defining Unicode char U+00AD (decimal 173)
   defining Unicode char U+00B8 (decimal 184)
   defining Unicode char U+00BF (decimal 191)
   defining Unicode char U+00C5 (decimal 197)
   defining Unicode char U+00C6 (decimal 198)
   defining Unicode char U+00D8 (decimal 216)
   defining Unicode char U+00DF (decimal 223)
   defining Unicode char U+00E6 (decimal 230)
   defining Unicode char U+00EC (decimal 236)
   defining Unicode char U+00ED (decimal 237)
   defining Unicode char U+00EE (decimal 238)
   defining Unicode char U+00EF (decimal 239)
   defining Unicode char U+00F8 (decimal 248)
   defining Unicode char U+0131 (decimal 305)
   defining Unicode char U+0141 (decimal 321)
   defining Unicode char U+0142 (decimal 322)
   defining Unicode char U+0152 (decimal 338)
   defining Unicode char U+0153 (decimal 339)
   defining Unicode char U+0174 (decimal 372)
   defining Unicode char U+0175 (decimal 373)
   defining Unicode char U+0176 (decimal 374)
   defining Unicode char U+0177 (decimal 375)
   defining Unicode char U+0218 (decimal 536)
   defining Unicode char U+0219 (decimal 537)
   defining Unicode char U+021A (decimal 538)
   defining Unicode char U+021B (decimal 539)
   defining Unicode char U+2013 (decimal 8211)
   defining Unicode char U+2014 (decimal 8212)
   defining Unicode char U+2018 (decimal 8216)
   defining Unicode char U+2019 (decimal 8217)
   defining Unicode char U+201C (decimal 8220)
   defining Unicode char U+201D (decimal 8221)
)
Now handling font encoding OMS ...
... processing UTF-8 mapping file for font encoding OMS

("C:\Program Files\MiKTeX 2.9\tex\latex\base\omsenc.dfu"
File: omsenc.dfu 2017/01/28 v1.1t UTF-8 support for inputenc
   defining Unicode char U+00A7 (decimal 167)
   defining Unicode char U+00B6 (decimal 182)
   defining Unicode char U+00B7 (decimal 183)
   defining Unicode char U+2020 (decimal 8224)
   defining Unicode char U+2021 (decimal 8225)
   defining Unicode char U+2022 (decimal 8226)
)
Now handling font encoding OMX ...
... no UTF-8 mapping file for font encoding OMX
Now handling font encoding U ...
... no UTF-8 mapping file for font encoding U
   defining Unicode char U+00A9 (decimal 169)
   defining Unicode char U+00AA (decimal 170)
   defining Unicode char U+00AE (decimal 174)
   defining Unicode char U+00BA (decimal 186)
   defining Unicode char U+02C6 (decimal 710)
   defining Unicode char U+02DC (decimal 732)
   defining Unicode char U+200C (decimal 8204)
   defining Unicode char U+2026 (decimal 8230)
   defining Unicode char U+2122 (decimal 8482)
   defining Unicode char U+2423 (decimal 9251)
))
("C:\Program Files\MiKTeX 2.9\tex\latex\graphics\color.sty"
Package: color 2016/07/10 v1.1e Standard LaTeX Color (DPC)

("C:\Program Files\MiKTeX 2.9\tex\latex\graphics-cfg\color.cfg"
File: color.cfg 2016/01/02 v1.6 sample color configuration
)
Package color Info: Driver file: pdftex.def on input line 147.

("C:\Program Files\MiKTeX 2.9\tex\latex\graphics-def\pdftex.def"
File: pdftex.def 2017/01/12 v0.06k Graphics/color for pdfTeX

("C:\Program Files\MiKTeX 2.9\tex\generic\oberdiek\infwarerr.sty"
Package: infwarerr 2016/05/16 v1.4 Providing info/warning/error messages (HO)
)
("C:\Program Files\MiKTeX 2.9\tex\generic\oberdiek\ltxcmds.sty"
Package: ltxcmds 2016/05/16 v1.23 LaTeX kernel commands for general use (HO)
)
\Gread@gobject=\count87
))
("C:\Program Files\MiKTeX 2.9\tex\latex\geometry\geometry.sty"
Package: geometry 2010/09/12 v5.6 Page Geometry

("C:\Program Files\MiKTeX 2.9\tex\latex\graphics\keyval.sty"
Package: keyval 2014/10/28 v1.15 key=value parser (DPC)
\KV@toks@=\toks16
)
("C:\Program Files\MiKTeX 2.9\tex\generic\oberdiek\ifpdf.sty"
Package: ifpdf 2017/03/15 v3.2 Provides the ifpdf switch
)
("C:\Program Files\MiKTeX 2.9\tex\generic\oberdiek\ifvtex.sty"
Package: ifvtex 2016/05/16 v1.6 Detect VTeX and its facilities (HO)
Package ifvtex Info: VTeX not detected.
)
("C:\Program Files\MiKTeX 2.9\tex\generic\ifxetex\ifxetex.sty"
Package: ifxetex 2010/09/12 v0.6 Provides ifxetex conditional
)
\Gm@cnth=\count88
\Gm@cntv=\count89
\c@Gm@tempcnt=\count90
\Gm@bindingoffset=\dimen103
\Gm@wd@mp=\dimen104
\Gm@odd@mp=\dimen105
\Gm@even@mp=\dimen106
\Gm@layoutwidth=\dimen107
\Gm@layoutheight=\dimen108
\Gm@layouthoffset=\dimen109
\Gm@layoutvoffset=\dimen110
\Gm@dimlist=\toks17

("C:\Program Files\MiKTeX 2.9\tex\latex\geometry\geometry.cfg"))
("C:\Program Files\MiKTeX 2.9\tex\latex\listing\listing.sty"
Package: listing 1999/05/25

Package `listing', V1.2, <1999/05/25>
\c@listing=\count91
) ("C:\Program Files\MiKTeX 2.9\tex\latex\graphics\graphicx.sty"
Package: graphicx 2014/10/28 v1.0g Enhanced LaTeX Graphics (DPC,SPQR)

("C:\Program Files\MiKTeX 2.9\tex\latex\graphics\graphics.sty"
Package: graphics 2017/04/14 v1.1b Standard LaTeX Graphics (DPC,SPQR)

("C:\Program Files\MiKTeX 2.9\tex\latex\graphics\trig.sty"
Package: trig 2016/01/03 v1.10 sin cos tan (DPC)
)
("C:\Program Files\MiKTeX 2.9\tex\latex\graphics-cfg\graphics.cfg"
File: graphics.cfg 2016/06/04 v1.11 sample graphics configuration
)
Package graphics Info: Driver file: pdftex.def on input line 99.
)
\Gin@req@height=\dimen111
\Gin@req@width=\dimen112
)
("C:\Program Files\MiKTeX 2.9\tex\latex\natbib\natbib.sty"
Package: natbib 2010/09/13 8.31b (PWD, AO)
\bibhang=\skip43
\bibsep=\skip44
LaTeX Info: Redefining \cite on input line 694.
\c@NAT@ctr=\count92
)
("C:\Program Files\MiKTeX 2.9\tex\latex\appendix\appendix.sty"
Package: appendix 2009/09/02 v1.2b extra appendix facilities
\c@@pps=\count93
\c@@ppsavesec=\count94
\c@@ppsaveapp=\count95
)
("C:\Program Files\MiKTeX 2.9\tex\latex\setspace\setspace.sty"
Package: setspace 2011/12/19 v6.7a set line spacing
)
("C:\Program Files\MiKTeX 2.9\tex\latex\tools\array.sty"
Package: array 2016/10/06 v2.4d Tabular extension package (FMi)
\col@sep=\dimen113
\extrarowheight=\dimen114
\NC@list=\toks18
\extratabsurround=\skip45
\backup@length=\skip46
)
("C:\Program Files\MiKTeX 2.9\tex\latex\psnfss\times.sty"
Package: times 2005/04/12 PSNFSS-v9.2a (SPQR) 
)
("C:\Program Files\MiKTeX 2.9\tex\latex\amsmath\amsmath.sty"
Package: amsmath 2016/11/05 v2.16a AMS math features
\@mathmargin=\skip47

For additional information on amsmath, use the `?' option.
("C:\Program Files\MiKTeX 2.9\tex\latex\amsmath\amstext.sty"
Package: amstext 2000/06/29 v2.01 AMS text

("C:\Program Files\MiKTeX 2.9\tex\latex\amsmath\amsgen.sty"
File: amsgen.sty 1999/11/30 v2.0 generic functions
\@emptytoks=\toks19
\ex@=\dimen115
))
("C:\Program Files\MiKTeX 2.9\tex\latex\amsmath\amsbsy.sty"
Package: amsbsy 1999/11/29 v1.2d Bold Symbols
\pmbraise@=\dimen116
)
("C:\Program Files\MiKTeX 2.9\tex\latex\amsmath\amsopn.sty"
Package: amsopn 2016/03/08 v2.02 operator names
)
\inf@bad=\count96
LaTeX Info: Redefining \frac on input line 213.
\uproot@=\count97
\leftroot@=\count98
LaTeX Info: Redefining \overline on input line 375.
\classnum@=\count99
\DOTSCASE@=\count100
LaTeX Info: Redefining \ldots on input line 472.
LaTeX Info: Redefining \dots on input line 475.
LaTeX Info: Redefining \cdots on input line 596.
\Mathstrutbox@=\box26
\strutbox@=\box27
\big@size=\dimen117
LaTeX Font Info:    Redeclaring font encoding OML on input line 712.
LaTeX Font Info:    Redeclaring font encoding OMS on input line 713.
\macc@depth=\count101
\c@MaxMatrixCols=\count102
\dotsspace@=\muskip10
\c@parentequation=\count103
\dspbrk@lvl=\count104
\tag@help=\toks20
\row@=\count105
\column@=\count106
\maxfields@=\count107
\andhelp@=\toks21
\eqnshift@=\dimen118
\alignsep@=\dimen119
\tagshift@=\dimen120
\tagwidth@=\dimen121
\totwidth@=\dimen122
\lineht@=\dimen123
\@envbody=\toks22
\multlinegap=\skip48
\multlinetaggap=\skip49
\mathdisplay@stack=\toks23
LaTeX Info: Redefining \[ on input line 2817.
LaTeX Info: Redefining \] on input line 2818.
)
("C:\Program Files\MiKTeX 2.9\tex\latex\booktabs\booktabs.sty"
Package: booktabs 2005/04/14 v1.61803 publication quality tables
\heavyrulewidth=\dimen124
\lightrulewidth=\dimen125
\cmidrulewidth=\dimen126
\belowrulesep=\dimen127
\belowbottomsep=\dimen128
\aboverulesep=\dimen129
\abovetopsep=\dimen130
\cmidrulesep=\dimen131
\cmidrulekern=\dimen132
\defaultaddspace=\dimen133
\@cmidla=\count108
\@cmidlb=\count109
\@aboverulesep=\dimen134
\@belowrulesep=\dimen135
\@thisruleclass=\count110
\@lastruleclass=\count111
\@thisrulewidth=\dimen136
)
(EF08_Report_2.aux)
\openout1 = `EF08_Report_2.aux'.

LaTeX Font Info:    Checking defaults for OML/cmm/m/it on input line 20.
LaTeX Font Info:    ... okay on input line 20.
LaTeX Font Info:    Checking defaults for T1/cmr/m/n on input line 20.
LaTeX Font Info:    ... okay on input line 20.
LaTeX Font Info:    Checking defaults for OT1/cmr/m/n on input line 20.
LaTeX Font Info:    ... okay on input line 20.
LaTeX Font Info:    Checking defaults for OMS/cmsy/m/n on input line 20.
LaTeX Font Info:    ... okay on input line 20.
LaTeX Font Info:    Checking defaults for OMX/cmex/m/n on input line 20.
LaTeX Font Info:    ... okay on input line 20.
LaTeX Font Info:    Checking defaults for U/cmr/m/n on input line 20.
LaTeX Font Info:    ... okay on input line 20.
LaTeX Font Info:    Try loading font information for OT1+ptm on input line 20.
 ("C:\Program Files\MiKTeX 2.9\tex\latex\psnfss\ot1ptm.fd"
File: ot1ptm.fd 2001/06/04 font definitions for OT1/ptm.
)
("C:\Program Files\MiKTeX 2.9\tex\context\base\supp-pdf.mkii"
[Loading MPS to PDF converter (version 2006.09.02).]
\scratchcounter=\count112
\scratchdimen=\dimen137
\scratchbox=\box28
\nofMPsegments=\count113
\nofMParguments=\count114
\everyMPshowfont=\toks24
\MPscratchCnt=\count115
\MPscratchDim=\dimen138
\MPnumerator=\count116
\makeMPintoPDFobject=\count117
\everyMPtoPDFconversion=\toks25
) ("C:\Program Files\MiKTeX 2.9\tex\generic\oberdiek\pdftexcmds.sty"
Package: pdftexcmds 2017/03/19 v0.25 Utility functions of pdfTeX for LuaTeX (HO
)

("C:\Program Files\MiKTeX 2.9\tex\generic\oberdiek\ifluatex.sty"
Package: ifluatex 2016/05/16 v1.4 Provides the ifluatex switch (HO)
Package ifluatex Info: LuaTeX not detected.
)
Package pdftexcmds Info: LuaTeX not detected.
Package pdftexcmds Info: \pdf@primitive is available.
Package pdftexcmds Info: \pdf@ifprimitive is available.
Package pdftexcmds Info: \pdfdraftmode found.
)
("C:\Program Files\MiKTeX 2.9\tex\latex\oberdiek\epstopdf-base.sty"
Package: epstopdf-base 2016/05/15 v2.6 Base part for package epstopdf

("C:\Program Files\MiKTeX 2.9\tex\latex\oberdiek\grfext.sty"
Package: grfext 2016/05/16 v1.2 Manage graphics extensions (HO)

("C:\Program Files\MiKTeX 2.9\tex\generic\oberdiek\kvdefinekeys.sty"
Package: kvdefinekeys 2016/05/16 v1.4 Define keys (HO)
))
("C:\Program Files\MiKTeX 2.9\tex\latex\oberdiek\kvoptions.sty"
Package: kvoptions 2016/05/16 v3.12 Key value format for package options (HO)

("C:\Program Files\MiKTeX 2.9\tex\generic\oberdiek\kvsetkeys.sty"
Package: kvsetkeys 2016/05/16 v1.17 Key value parser (HO)

("C:\Program Files\MiKTeX 2.9\tex\generic\oberdiek\etexcmds.sty"
Package: etexcmds 2016/05/16 v1.6 Avoid name clashes with e-TeX commands (HO)
Package etexcmds Info: Could not find \expanded.
(etexcmds)             That can mean that you are not using pdfTeX 1.50 or
(etexcmds)             that some package has redefined \expanded.
(etexcmds)             In the latter case, load this package earlier.
)))
Package epstopdf-base Info: Redefining graphics rule for `.eps' on input line 4
38.
Package grfext Info: Graphics extension search list:
(grfext)             [.png,.pdf,.jpg,.mps,.jpeg,.jbig2,.jb2,.PNG,.PDF,.JPG,.JPE
G,.JBIG2,.JB2,.eps]
(grfext)             \AppendGraphicsExtensions on input line 456.
)
*geometry* driver: auto-detecting
*geometry* detected driver: pdftex
*geometry* verbose mode - [ preamble ] result:
* driver: pdftex
* paper: a4paper
* layout: <same size as paper>
* layoutoffset:(h,v)=(0.0pt,0.0pt)
* modes: 
* h-part:(L,W,R)=(72.26999pt, 452.9679pt, 72.26999pt)
* v-part:(T,H,B)=(72.26999pt, 700.50687pt, 72.26999pt)
* \paperwidth=597.50787pt
* \paperheight=845.04684pt
* \textwidth=452.9679pt
* \textheight=700.50687pt
* \oddsidemargin=0.0pt
* \evensidemargin=0.0pt
* \topmargin=-37.0pt
* \headheight=12.0pt
* \headsep=25.0pt
* \topskip=12.0pt
* \footskip=30.0pt
* \marginparwidth=35.0pt
* \marginparsep=10.0pt
* \columnsep=10.0pt
* \skip\footins=10.8pt plus 4.0pt minus 2.0pt
* \hoffset=0.0pt
* \voffset=0.0pt
* \mag=1000
* \@twocolumnfalse
* \@twosidefalse
* \@mparswitchfalse
* \@reversemarginfalse
* (1in=72.27pt=25.4mm, 1cm=28.453pt)

LaTeX Font Info:    Font shape `OT1/ptm/bx/n' in size <24.88> not available
(Font)              Font shape `OT1/ptm/b/n' tried instead on input line 24.
[1

{C:/ProgramData/MiKTeX/2.9/pdftex/config/pdftex.map}]
LaTeX Font Info:    Font shape `OT1/ptm/bx/n' in size <10.95> not available
(Font)              Font shape `OT1/ptm/b/n' tried instead on input line 32.
LaTeX Font Info:    Font shape `OT1/ptm/bx/n' in size <17.28> not available
(Font)              Font shape `OT1/ptm/b/n' tried instead on input line 32.
 [1] (EF08_Report_2.toc
LaTeX Font Info:    Font shape `OT1/ptm/bx/n' in size <12> not available
(Font)              Font shape `OT1/ptm/b/n' tried instead on input line 1.
)
\tf@toc=\write3
\openout3 = `EF08_Report_2.toc'.

[2] (EF08_Report_2.lof)
\tf@lof=\write4
\openout4 = `EF08_Report_2.lof'.

 [3] (EF08_Report_2.lot)
\tf@lot=\write5
\openout5 = `EF08_Report_2.lot'.

 [4]

pdfTeX warning: pdflatex (file ./Monopod_concept.pdf): PDF inclusion: found PDF
 version <1.7>, but at most version <1.5> allowed
<Monopod_concept.pdf, id=22, 717.03883pt x 546.24077pt>
File: Monopod_concept.pdf Graphic file (type pdf)

<use Monopod_concept.pdf>
Package pdftex.def Info: Monopod_concept.pdf used on input line 68.
(pdftex.def)             Requested size: 215.11331pt x 163.87349pt.


LaTeX Warning: `!h' float specifier changed to `!ht'.

[1]
LaTeX Font Info:    Font shape `OT1/ptm/bx/n' in size <14.4> not available
(Font)              Font shape `OT1/ptm/b/n' tried instead on input line 80.


pdfTeX warning: pdflatex (file ./dynamic_model.pdf): PDF inclusion: found PDF v
ersion <1.7>, but at most version <1.5> allowed
<dynamic_model.pdf, id=26, 569.0058pt x 426.8748pt>
File: dynamic_model.pdf Graphic file (type pdf)
 <use dynamic_model.pdf>
Package pdftex.def Info: dynamic_model.pdf used on input line 85.
(pdftex.def)             Requested size: 284.5022pt x 213.43687pt.


LaTeX Warning: `!h' float specifier changed to `!ht'.

[2 <./Monopod_concept.pdf>]

pdfTeX warning: pdflatex (file ./TiltAngle.pdf): PDF inclusion: found PDF versi
on <1.7>, but at most version <1.5> allowed
<TiltAngle.pdf, id=41, 963.6pt x 542.025pt>
File: TiltAngle.pdf Graphic file (type pdf)
 <use TiltAngle.pdf>
Package pdftex.def Info: TiltAngle.pdf used on input line 127.
(pdftex.def)             Requested size: 337.26506pt x 189.71158pt.


LaTeX Warning: `!h' float specifier changed to `!ht'.

[3 <./dynamic_model.pdf>] <Quad_PID.pdf, id=62, 1123.19624pt x 266.9975pt>
File: Quad_PID.pdf Graphic file (type pdf)

<use Quad_PID.pdf>
Package pdftex.def Info: Quad_PID.pdf used on input line 140.
(pdftex.def)             Requested size: 449.27054pt x 106.79709pt.
 [4 <./TiltAngle.pdf> <./Quad_PID.pdf>]

pdfTeX warning: pdflatex (file ./Monopod_Assembly.pdf): PDF inclusion: found PD
F version <1.7>, but at most version <1.5> allowed
<Monopod_Assembly.pdf, id=76, 938.90778pt x 540.70004pt>
File: Monopod_Assembly.pdf Graphic file (type pdf)

<use Monopod_Assembly.pdf>
Package pdftex.def Info: Monopod_Assembly.pdf used on input line 162.
(pdftex.def)             Requested size: 375.55646pt x 216.27618pt.


pdfTeX warning: pdflatex (file ./Test_rigs.pdf): PDF inclusion: found PDF versi
on <1.7>, but at most version <1.5> allowed
<Test_rigs.pdf, id=77, 711.25723pt x 542.025pt>
File: Test_rigs.pdf Graphic file (type pdf)
 <use Test_rigs.pdf>
Package pdftex.def Info: Test_rigs.pdf used on input line 172.
(pdftex.def)             Requested size: 355.62775pt x 271.01183pt.


LaTeX Warning: `!h' float specifier changed to `!ht'.

[5 <./Monopod_Assembly.pdf>]

LaTeX Warning: No positions in optional float specifier.
               Default added (so using `tbp') on input line 187.

[6 <./Test_rigs.pdf>]

pdfTeX warning: pdflatex (file ./old_testrig_results_1.pdf): PDF inclusion: fou
nd PDF version <1.7>, but at most version <1.5> allowed
<old_testrig_results_1.pdf, id=94, 910.48157pt x 349.90726pt>
File: old_testrig_results_1.pdf Graphic file (type pdf)

<use old_testrig_results_1.pdf>
Package pdftex.def Info: old_testrig_results_1.pdf used on input line 211.
(pdftex.def)             Requested size: 437.0262pt x 167.95357pt.


pdfTeX warning: pdflatex (file ./old_testrig_results_2.pdf): PDF inclusion: fou
nd PDF version <1.7>, but at most version <1.5> allowed
<old_testrig_results_2.pdf, id=95, 711.25723pt x 540.70004pt>
File: old_testrig_results_2.pdf Graphic file (type pdf)

<use old_testrig_results_2.pdf>
Package pdftex.def Info: old_testrig_results_2.pdf used on input line 218.
(pdftex.def)             Requested size: 284.49785pt x 216.27618pt.


LaTeX Warning: `!h' float specifier changed to `!ht'.



pdfTeX warning: pdflatex (file ./motors_and_fall.pdf): PDF inclusion: found PDF
 version <1.7>, but at most version <1.5> allowed
<motors_and_fall.pdf, id=96, 1138.13205pt x 569.0058pt>
File: motors_and_fall.pdf Graphic file (type pdf)

<use motors_and_fall.pdf>
Package pdftex.def Info: motors_and_fall.pdf used on input line 228.
(pdftex.def)             Requested size: 455.24475pt x 227.59828pt.

Overfull \hbox (2.27686pt too wide) in paragraph at lines 228--229
 [][] 
 []


LaTeX Warning: `!h' float specifier changed to `!ht'.

[7 <./old_testrig_results_1.pdf>] [8 <./old_testrig_results_2.pdf> <./motors_an
d_fall.pdf

pdfTeX warning: pdflatex (file ./motors_and_fall.pdf): PDF inclusion: multiple 
pdfs with page group included in a single page
>]

pdfTeX warning: pdflatex (file ./yaw_unbounded.pdf): PDF inclusion: found PDF v
ersion <1.7>, but at most version <1.5> allowed
<yaw_unbounded.pdf, id=142, 938.90778pt x 426.8748pt>
File: yaw_unbounded.pdf Graphic file (type pdf)
 <use yaw_unbounded.pdf>
Package pdftex.def Info: yaw_unbounded.pdf used on input line 246.
(pdftex.def)             Requested size: 375.55646pt x 170.74689pt.

[9 <./yaw_unbounded.pdf>]

pdfTeX warning: pdflatex (file ./Perch_Time.pdf): PDF inclusion: found PDF vers
ion <1.7>, but at most version <1.5> allowed
<Perch_Time.pdf, id=154, 1892.02856pt x 711.25723pt>
File: Perch_Time.pdf Graphic file (type pdf)
 <use Perch_Time.pdf>
Package pdftex.def Info: Perch_Time.pdf used on input line 262.
(pdftex.def)             Requested size: 435.15742pt x 163.58572pt.

[10 <./Perch_Time.pdf>] <angle_test_rig.jpg, id=165, 3276.24pt x 2457.18pt>
File: angle_test_rig.jpg Graphic file (type jpg)

<use angle_test_rig.jpg>
Package pdftex.def Info: angle_test_rig.jpg used on input line 276.
(pdftex.def)             Requested size: 327.64319pt x 245.73239pt.


pdfTeX warning: pdflatex (file ./TiltAngle_2.pdf): PDF inclusion: found PDF ver
sion <1.7>, but at most version <1.5> allowed
<TiltAngle_2.pdf, id=166, 1143.79321pt x 717.03883pt>
File: TiltAngle_2.pdf Graphic file (type pdf)
 <use TiltAngle_2.pdf>
Package pdftex.def Info: TiltAngle_2.pdf used on input line 285.
(pdftex.def)             Requested size: 343.14061pt x 215.11331pt.


LaTeX Warning: `!h' float specifier changed to `!ht'.

[11 <./angle_test_rig.jpg>]

pdfTeX warning: pdflatex (file ./Yawrate.pdf): PDF inclusion: found PDF version
 <1.7>, but at most version <1.5> allowed
<Yawrate.pdf, id=170, 1143.79321pt x 717.03883pt>
File: Yawrate.pdf Graphic file (type pdf)
 <use Yawrate.pdf>
Package pdftex.def Info: Yawrate.pdf used on input line 294.
(pdftex.def)             Requested size: 343.14061pt x 215.11331pt.
 [12 <./TiltAngle_2.pdf> <./Yawrate.pdf

pdfTeX warning: pdflatex (file ./Yawrate.pdf): PDF inclusion: multiple pdfs wit
h page group included in a single page
>]

pdfTeX warning: pdflatex (file ./Rate_PID.pdf): PDF inclusion: found PDF versio
n <1.7>, but at most version <1.5> allowed
<Rate_PID.pdf, id=187, 1143.79321pt x 717.03883pt>
File: Rate_PID.pdf Graphic file (type pdf)
 <use Rate_PID.pdf>
Package pdftex.def Info: Rate_PID.pdf used on input line 307.
(pdftex.def)             Requested size: 343.14061pt x 215.11331pt.


pdfTeX warning: pdflatex (file ./Attitude_PID.pdf): PDF inclusion: found PDF ve
rsion <1.7>, but at most version <1.5> allowed
<Attitude_PID.pdf, id=188, 1152.34518pt x 725.5908pt>
File: Attitude_PID.pdf Graphic file (type pdf)
 <use Attitude_PID.pdf>
Package pdftex.def Info: Attitude_PID.pdf used on input line 314.
(pdftex.def)             Requested size: 345.70622pt x 217.67892pt.

[13 <./Rate_PID.pdf> <./Attitude_PID.pdf

pdfTeX warning: pdflatex (file ./Attitude_PID.pdf): PDF inclusion: multiple pdf
s with page group included in a single page
>] [14] (EF08_Report_2.bbl) [15]
LaTeX Font Info:    Try loading font information for OMS+ptm on input line 343.


("C:\Program Files\MiKTeX 2.9\tex\latex\psnfss\omsptm.fd"
File: omsptm.fd 
)
LaTeX Font Info:    Font shape `OMS/ptm/m/n' in size <12> not available
(Font)              Font shape `OMS/cmsy/m/n' tried instead on input line 343.

Overfull \hbox (57.04863pt too wide) in paragraph at lines 351--352
\OT1/ptm/m/n/12 python/cflib. A set of sim-ple ex-am-ples are avail-able un-der
 /home/bitcraze/Desktop/projects/crazyflie-
 []


Overfull \hbox (13.01196pt too wide) in paragraph at lines 360--361
[]\OT1/ptm/m/n/12 Crazyflie-firmware-Manual[]Thrust con-tains a mod-i-fi-ca-tio
n made to the /home/bitcraze
 []


Overfull \hbox (32.99095pt too wide) in paragraph at lines 360--361
\OT1/ptm/m/n/12 /projects/crazyflie-firmware/src/modules/src/controller[]pid.c 
file in the Crazyflie firmware.
 []

[16] <cfclient-param.JPG, id=216, 1837.86626pt x 1071.00125pt>
File: cfclient-param.JPG Graphic file (type jpg)

<use cfclient-param.JPG>
Package pdftex.def Info: cfclient-param.JPG used on input line 366.
(pdftex.def)             Requested size: 551.36414pt x 321.30286pt.

Overfull \hbox (98.39624pt too wide) in paragraph at lines 366--367
 [][] 
 []


Overfull \hbox (7.01392pt too wide) in paragraph at lines 375--377
[]\OT1/ptm/m/n/12 Under 000[]Python[]Flying[]Code two fold-ers can be found: []
base[]Flying[]Code ,which
 []


Overfull \hbox (9.7599pt too wide) in paragraph at lines 375--377
\OT1/ptm/m/n/12 clog.py" ex-am-ple in /home/bitcraze/Desktop/projects/crazyflie
-lib-python/examples).
 []

[17 <./cfclient-param.JPG>] [18] (EF08_Report_2.aux) ) 
Here is how much of TeX's memory you used:
 3746 strings out of 493323
 49540 string characters out of 3139069
 125356 words of memory out of 3000000
 7175 multiletter control sequences out of 15000+200000
 23618 words of font info for 48 fonts, out of 3000000 for 9000
 1141 hyphenation exceptions out of 8191
 39i,15n,32p,1833b,382s stack positions out of 5000i,500n,10000p,200000b,50000s
{C:/Program Files/MiKTeX 
2.9/fonts/enc/dvips/base/8r.enc}<C:/Program Files/MiKTeX 2.9/fonts/type1/public
/amsfonts/cm/cmex10.pfb><C:/Program Files/MiKTeX 2.9/fonts/type1/public/amsfont
s/cm/cmmi12.pfb><C:/Program Files/MiKTeX 2.9/fonts/type1/public/amsfonts/cm/cmm
i8.pfb><C:/Program Files/MiKTeX 2.9/fonts/type1/public/amsfonts/cm/cmr12.pfb><C
:/Program Files/MiKTeX 2.9/fonts/type1/public/amsfonts/cm/cmr8.pfb><C:/Program 
Files/MiKTeX 2.9/fonts/type1/public/amsfonts/cm/cmsy10.pfb><C:/Program Files/Mi
KTeX 2.9/fonts/type1/public/amsfonts/cm/cmsy8.pfb><C:/Program Files/MiKTeX 2.9/
fonts/type1/urw/times/utmb8a.pfb><C:/Program Files/MiKTeX 2.9/fonts/type1/urw/t
imes/utmr8a.pfb><C:/Program Files/MiKTeX 2.9/fonts/type1/urw/times/utmri8a.pfb>

Output written on EF08_Report_2.pdf (23 pages, 2854672 bytes).
PDF statistics:
 256 PDF objects out of 1000 (max. 8388607)
 0 named destinations out of 1000 (max. 500000)
 86 words of extra memory for PDF output out of 10000 (max. 10000000)

